Command line invocation:
    /Applications/Xcode-beta.app/Contents/Developer/usr/bin/xcodebuild -scheme superone -destination "platform=iOS Simulator,name=iPhone 16 Pro" build

Resolve Package Graph


Resolved source packages:
  DGCharts: https://github.com/danielgindi/Charts @ 5.1.0
  Alamofire: https://github.com/Alamofire/Alamofire @ 5.10.2
  KeychainSwift: https://github.com/evgenyneu/keychain-swift @ 24.0.0
  Lottie: https://github.com/airbnb/lottie-ios @ 4.5.2
  Kingfisher: https://github.com/onevcat/Kingfisher @ 8.5.0

ComputePackagePrebuildTargetDependencyGraph

Prepare packages

CreateBuildRequest

SendProjectDescription

CreateBuildOperation

ComputeTargetDependencyGraph
note: Building targets in dependency order
note: Target dependency graph (15 targets)
    Target 'superone' in project 'superone'
        ➜ Explicit dependency on target 'Kingfisher' in project 'Kingfisher'
        ➜ Explicit dependency on target 'Lottie' in project 'Lottie'
        ➜ Explicit dependency on target 'DGCharts' in project 'DGCharts'
        ➜ Explicit dependency on target 'KeychainSwift' in project 'KeychainSwift'
        ➜ Explicit dependency on target 'Alamofire' in project 'Alamofire'
    Target 'Alamofire' in project 'Alamofire'
        ➜ Explicit dependency on target 'Alamofire' in project 'Alamofire'
        ➜ Explicit dependency on target 'Alamofire_Alamofire' in project 'Alamofire'
    Target 'Alamofire' in project 'Alamofire'
        ➜ Explicit dependency on target 'Alamofire_Alamofire' in project 'Alamofire'
    Target 'Alamofire_Alamofire' in project 'Alamofire' (no dependencies)
    Target 'KeychainSwift' in project 'KeychainSwift'
        ➜ Explicit dependency on target 'KeychainSwift' in project 'KeychainSwift'
    Target 'KeychainSwift' in project 'KeychainSwift' (no dependencies)
    Target 'DGCharts' in project 'DGCharts'
        ➜ Explicit dependency on target 'DGCharts' in project 'DGCharts'
        ➜ Explicit dependency on target 'DGCharts_DGCharts' in project 'DGCharts'
    Target 'DGCharts' in project 'DGCharts'
        ➜ Explicit dependency on target 'DGCharts_DGCharts' in project 'DGCharts'
    Target 'DGCharts_DGCharts' in project 'DGCharts' (no dependencies)
    Target 'Lottie' in project 'Lottie'
        ➜ Explicit dependency on target 'Lottie' in project 'Lottie'
        ➜ Explicit dependency on target 'Lottie_Lottie' in project 'Lottie'
    Target 'Lottie' in project 'Lottie'
        ➜ Explicit dependency on target 'Lottie_Lottie' in project 'Lottie'
    Target 'Lottie_Lottie' in project 'Lottie' (no dependencies)
    Target 'Kingfisher' in project 'Kingfisher'
        ➜ Explicit dependency on target 'Kingfisher' in project 'Kingfisher'
        ➜ Explicit dependency on target 'Kingfisher_Kingfisher' in project 'Kingfisher'
    Target 'Kingfisher' in project 'Kingfisher'
        ➜ Explicit dependency on target 'Kingfisher_Kingfisher' in project 'Kingfisher'
    Target 'Kingfisher_Kingfisher' in project 'Kingfisher' (no dependencies)

GatherProvisioningInputs

CreateBuildDescription

ExecuteExternalTool /Applications/Xcode-beta.app/Contents/Developer/Toolchains/XcodeDefault.xctoolchain/usr/bin/clang -v -E -dM -isysroot /Applications/Xcode-beta.app/Contents/Developer/Platforms/iPhoneSimulator.platform/Developer/SDKs/iPhoneSimulator26.0.sdk -x c -c /dev/null

ExecuteExternalTool /Applications/Xcode-beta.app/Contents/Developer/Toolchains/XcodeDefault.xctoolchain/usr/bin/swiftc --version

ExecuteExternalTool /Applications/Xcode-beta.app/Contents/Developer/usr/bin/actool --print-asset-tag-combinations --output-format xml1 /Users/gowtham/Desktop/per/labloop/Super One/superone/superone/Assets.xcassets

ExecuteExternalTool /Applications/Xcode-beta.app/Contents/Developer/Toolchains/XcodeDefault.xctoolchain/usr/bin/ld -version_details

ReadFileContents /Applications/Xcode-beta.app/Contents/Developer/Toolchains/XcodeDefault.xctoolchain/usr/share/docc/features.json

ExecuteExternalTool /Applications/Xcode-beta.app/Contents/Developer/usr/bin/actool --version --output-format xml1

Build description signature: 8e5fd080c70c0bd0914e47e4058fd58d
Build description path: /Users/gowtham/Library/Developer/Xcode/DerivedData/superone-cbvspxnjalukebdkdzdnfbugwpdw/Build/Intermediates.noindex/XCBuildData/8e5fd080c70c0bd0914e47e4058fd58d.xcbuilddata
ClangStatCache /Applications/Xcode-beta.app/Contents/Developer/Toolchains/XcodeDefault.xctoolchain/usr/bin/clang-stat-cache /Applications/Xcode-beta.app/Contents/Developer/Platforms/iPhoneSimulator.platform/Developer/SDKs/iPhoneSimulator26.0.sdk /Users/gowtham/Library/Developer/Xcode/DerivedData/SDKStatCaches.noindex/iphonesimulator26.0-23A5287e-3885c01c3e6b6a337905948deab2002efc862078e33f881139a9d2f83bd1a9d0.sdkstatcache
    cd /Users/gowtham/Desktop/per/labloop/Super\ One/superone/superone.xcodeproj
    /Applications/Xcode-beta.app/Contents/Developer/Toolchains/XcodeDefault.xctoolchain/usr/bin/clang-stat-cache /Applications/Xcode-beta.app/Contents/Developer/Platforms/iPhoneSimulator.platform/Developer/SDKs/iPhoneSimulator26.0.sdk -o /Users/gowtham/Library/Developer/Xcode/DerivedData/SDKStatCaches.noindex/iphonesimulator26.0-23A5287e-3885c01c3e6b6a337905948deab2002efc862078e33f881139a9d2f83bd1a9d0.sdkstatcache

ProcessInfoPlistFile /Users/gowtham/Library/Developer/Xcode/DerivedData/superone-cbvspxnjalukebdkdzdnfbugwpdw/Build/Products/Debug-iphonesimulator/Lottie_Lottie.bundle/Info.plist /Users/gowtham/Library/Developer/Xcode/DerivedData/superone-cbvspxnjalukebdkdzdnfbugwpdw/Build/Intermediates.noindex/Lottie.build/Debug-iphonesimulator/Lottie_Lottie.build/empty-Lottie_Lottie.plist (in target 'Lottie_Lottie' from project 'Lottie')
    cd /Users/gowtham/Library/Developer/Xcode/DerivedData/superone-cbvspxnjalukebdkdzdnfbugwpdw/SourcePackages/checkouts/lottie-ios
    builtin-infoPlistUtility /Users/gowtham/Library/Developer/Xcode/DerivedData/superone-cbvspxnjalukebdkdzdnfbugwpdw/Build/Intermediates.noindex/Lottie.build/Debug-iphonesimulator/Lottie_Lottie.build/empty-Lottie_Lottie.plist -producttype com.apple.product-type.bundle -expandbuildsettings -format binary -platform iphonesimulator -o /Users/gowtham/Library/Developer/Xcode/DerivedData/superone-cbvspxnjalukebdkdzdnfbugwpdw/Build/Products/Debug-iphonesimulator/Lottie_Lottie.bundle/Info.plist

ProcessInfoPlistFile /Users/gowtham/Library/Developer/Xcode/DerivedData/superone-cbvspxnjalukebdkdzdnfbugwpdw/Build/Products/Debug-iphonesimulator/Kingfisher_Kingfisher.bundle/Info.plist /Users/gowtham/Library/Developer/Xcode/DerivedData/superone-cbvspxnjalukebdkdzdnfbugwpdw/Build/Intermediates.noindex/Kingfisher.build/Debug-iphonesimulator/Kingfisher_Kingfisher.build/empty-Kingfisher_Kingfisher.plist (in target 'Kingfisher_Kingfisher' from project 'Kingfisher')
    cd /Users/gowtham/Library/Developer/Xcode/DerivedData/superone-cbvspxnjalukebdkdzdnfbugwpdw/SourcePackages/checkouts/Kingfisher
    builtin-infoPlistUtility /Users/gowtham/Library/Developer/Xcode/DerivedData/superone-cbvspxnjalukebdkdzdnfbugwpdw/Build/Intermediates.noindex/Kingfisher.build/Debug-iphonesimulator/Kingfisher_Kingfisher.build/empty-Kingfisher_Kingfisher.plist -producttype com.apple.product-type.bundle -expandbuildsettings -format binary -platform iphonesimulator -o /Users/gowtham/Library/Developer/Xcode/DerivedData/superone-cbvspxnjalukebdkdzdnfbugwpdw/Build/Products/Debug-iphonesimulator/Kingfisher_Kingfisher.bundle/Info.plist

ProcessInfoPlistFile /Users/gowtham/Library/Developer/Xcode/DerivedData/superone-cbvspxnjalukebdkdzdnfbugwpdw/Build/Products/Debug-iphonesimulator/DGCharts_DGCharts.bundle/Info.plist /Users/gowtham/Library/Developer/Xcode/DerivedData/superone-cbvspxnjalukebdkdzdnfbugwpdw/Build/Intermediates.noindex/DGCharts.build/Debug-iphonesimulator/DGCharts_DGCharts.build/empty-DGCharts_DGCharts.plist (in target 'DGCharts_DGCharts' from project 'DGCharts')
    cd /Users/gowtham/Library/Developer/Xcode/DerivedData/superone-cbvspxnjalukebdkdzdnfbugwpdw/SourcePackages/checkouts/Charts
    builtin-infoPlistUtility /Users/gowtham/Library/Developer/Xcode/DerivedData/superone-cbvspxnjalukebdkdzdnfbugwpdw/Build/Intermediates.noindex/DGCharts.build/Debug-iphonesimulator/DGCharts_DGCharts.build/empty-DGCharts_DGCharts.plist -producttype com.apple.product-type.bundle -expandbuildsettings -format binary -platform iphonesimulator -o /Users/gowtham/Library/Developer/Xcode/DerivedData/superone-cbvspxnjalukebdkdzdnfbugwpdw/Build/Products/Debug-iphonesimulator/DGCharts_DGCharts.bundle/Info.plist

ProcessInfoPlistFile /Users/gowtham/Library/Developer/Xcode/DerivedData/superone-cbvspxnjalukebdkdzdnfbugwpdw/Build/Products/Debug-iphonesimulator/Alamofire_Alamofire.bundle/Info.plist /Users/gowtham/Library/Developer/Xcode/DerivedData/superone-cbvspxnjalukebdkdzdnfbugwpdw/Build/Intermediates.noindex/Alamofire.build/Debug-iphonesimulator/Alamofire_Alamofire.build/empty-Alamofire_Alamofire.plist (in target 'Alamofire_Alamofire' from project 'Alamofire')
    cd /Users/gowtham/Library/Developer/Xcode/DerivedData/superone-cbvspxnjalukebdkdzdnfbugwpdw/SourcePackages/checkouts/Alamofire
    builtin-infoPlistUtility /Users/gowtham/Library/Developer/Xcode/DerivedData/superone-cbvspxnjalukebdkdzdnfbugwpdw/Build/Intermediates.noindex/Alamofire.build/Debug-iphonesimulator/Alamofire_Alamofire.build/empty-Alamofire_Alamofire.plist -producttype com.apple.product-type.bundle -expandbuildsettings -format binary -platform iphonesimulator -o /Users/gowtham/Library/Developer/Xcode/DerivedData/superone-cbvspxnjalukebdkdzdnfbugwpdw/Build/Products/Debug-iphonesimulator/Alamofire_Alamofire.bundle/Info.plist

ProcessInfoPlistFile /Users/gowtham/Library/Developer/Xcode/DerivedData/superone-cbvspxnjalukebdkdzdnfbugwpdw/Build/Products/Debug-iphonesimulator/superone.app/Info.plist /Users/gowtham/Library/Developer/Xcode/DerivedData/superone-cbvspxnjalukebdkdzdnfbugwpdw/Build/Intermediates.noindex/superone.build/Debug-iphonesimulator/superone.build/empty-superone.plist (in target 'superone' from project 'superone')
    cd /Users/gowtham/Desktop/per/labloop/Super\ One/superone
    builtin-infoPlistUtility /Users/gowtham/Library/Developer/Xcode/DerivedData/superone-cbvspxnjalukebdkdzdnfbugwpdw/Build/Intermediates.noindex/superone.build/Debug-iphonesimulator/superone.build/empty-superone.plist -producttype com.apple.product-type.application -genpkginfo /Users/gowtham/Library/Developer/Xcode/DerivedData/superone-cbvspxnjalukebdkdzdnfbugwpdw/Build/Products/Debug-iphonesimulator/superone.app/PkgInfo -expandbuildsettings -format binary -platform iphonesimulator -additionalcontentfile /Users/gowtham/Library/Developer/Xcode/DerivedData/superone-cbvspxnjalukebdkdzdnfbugwpdw/Build/Intermediates.noindex/superone.build/Debug-iphonesimulator/superone.build/assetcatalog_generated_info.plist -scanforprivacyfile /Users/gowtham/Library/Developer/Xcode/DerivedData/superone-cbvspxnjalukebdkdzdnfbugwpdw/Build/Products/Debug-iphonesimulator/superone.app/Alamofire_Alamofire.bundle -scanforprivacyfile /Users/gowtham/Library/Developer/Xcode/DerivedData/superone-cbvspxnjalukebdkdzdnfbugwpdw/Build/Products/Debug-iphonesimulator/superone.app/DGCharts_DGCharts.bundle -scanforprivacyfile /Users/gowtham/Library/Developer/Xcode/DerivedData/superone-cbvspxnjalukebdkdzdnfbugwpdw/Build/Products/Debug-iphonesimulator/superone.app/Kingfisher_Kingfisher.bundle -scanforprivacyfile /Users/gowtham/Library/Developer/Xcode/DerivedData/superone-cbvspxnjalukebdkdzdnfbugwpdw/Build/Products/Debug-iphonesimulator/superone.app/Lottie_Lottie.bundle -o /Users/gowtham/Library/Developer/Xcode/DerivedData/superone-cbvspxnjalukebdkdzdnfbugwpdw/Build/Products/Debug-iphonesimulator/superone.app/Info.plist

CopySwiftLibs /Users/gowtham/Library/Developer/Xcode/DerivedData/superone-cbvspxnjalukebdkdzdnfbugwpdw/Build/Products/Debug-iphonesimulator/superone.app (in target 'superone' from project 'superone')
    cd /Users/gowtham/Desktop/per/labloop/Super\ One/superone
    builtin-swiftStdLibTool --copy --verbose --sign - --scan-executable /Users/gowtham/Library/Developer/Xcode/DerivedData/superone-cbvspxnjalukebdkdzdnfbugwpdw/Build/Products/Debug-iphonesimulator/superone.app/superone.debug.dylib --scan-folder /Users/gowtham/Library/Developer/Xcode/DerivedData/superone-cbvspxnjalukebdkdzdnfbugwpdw/Build/Products/Debug-iphonesimulator/superone.app/Frameworks --scan-folder /Users/gowtham/Library/Developer/Xcode/DerivedData/superone-cbvspxnjalukebdkdzdnfbugwpdw/Build/Products/Debug-iphonesimulator/superone.app/PlugIns --scan-folder /Users/gowtham/Library/Developer/Xcode/DerivedData/superone-cbvspxnjalukebdkdzdnfbugwpdw/Build/Products/Debug-iphonesimulator/superone.app/SystemExtensions --scan-folder /Users/gowtham/Library/Developer/Xcode/DerivedData/superone-cbvspxnjalukebdkdzdnfbugwpdw/Build/Products/Debug-iphonesimulator/superone.app/Extensions --platform iphonesimulator --toolchain /var/run/com.apple.security.cryptexd/mnt/com.apple.MobileAsset.MetalToolchain-v17.1.5276.7.ba954J/Metal.xctoolchain --toolchain /Applications/Xcode-beta.app/Contents/Developer/Toolchains/XcodeDefault.xctoolchain --destination /Users/gowtham/Library/Developer/Xcode/DerivedData/superone-cbvspxnjalukebdkdzdnfbugwpdw/Build/Products/Debug-iphonesimulator/superone.app/Frameworks --strip-bitcode --strip-bitcode-tool /Applications/Xcode-beta.app/Contents/Developer/Toolchains/XcodeDefault.xctoolchain/usr/bin/bitcode_strip --emit-dependency-info /Users/gowtham/Library/Developer/Xcode/DerivedData/superone-cbvspxnjalukebdkdzdnfbugwpdw/Build/Intermediates.noindex/superone.build/Debug-iphonesimulator/superone.build/SwiftStdLibToolInputDependencies.dep --filter-for-swift-os

** BUILD SUCCEEDED **

